
> finance-flow@0.1.0 build
> prisma generate && next build

Loaded Prisma config from prisma.config.ts.

Prisma config detected, skipping environment variable loading.
Prisma schema loaded from prisma/schema.prisma

✔ Generated Prisma Client (v6.19.0) to ./node_modules/@prisma/client in 105ms

Start by importing your Prisma Client (See: https://pris.ly/d/importing-client)

Tip: Interested in query caching in just a few lines of code? Try Accelerate today! https://pris.ly/tip-3-accelerate

   ▲ Next.js 16.0.1 (Turbopack)
   - Environments: .env.local, .env

   Creating an optimized production build ...
 ✓ Compiled successfully in 12.3s
   Running TypeScript ...
Failed to compile.

./src/components/budgets/BudgetSimulator.tsx:6:24
Type error: Cannot find module '@/components/ui/slider' or its corresponding type declarations.

[0m [90m 4 |[39m [36mimport[39m { [33mCard[39m[33m,[39m [33mCardContent[39m[33m,[39m [33mCardHeader[39m[33m,[39m [33mCardTitle[39m[33m,[39m [33mCardDescription[39m } [36mfrom[39m [32m"@/components/ui/card"[39m
 [90m 5 |[39m [36mimport[39m { [33mLabel[39m } [36mfrom[39m [32m"@/components/ui/label"[39m
[31m[1m>[22m[39m[90m 6 |[39m [36mimport[39m { [33mSlider[39m } [36mfrom[39m [32m"@/components/ui/slider"[39m
 [90m   |[39m                        [31m[1m^[22m[39m
 [90m 7 |[39m [36mimport[39m { [33mBadge[39m } [36mfrom[39m [32m"@/components/ui/badge"[39m
 [90m 8 |[39m [36mimport[39m { [33mTrendingUpIcon[39m[33m,[39m [33mTrendingDownIcon[39m[33m,[39m [33mTargetIcon[39m[33m,[39m [33mAlertCircleIcon[39m } [36mfrom[39m [32m"lucide-react"[39m
 [90m 9 |[39m [36mimport[39m { formatCurrency } [36mfrom[39m [32m"@/lib/formatters"[39m[0m
Next.js build worker exited with code: 1 and signal: null
